<?xml version="1.0" encoding="UTF-8"?>
<!-- Generated by org.testng.reporters.JUnitXMLReporter -->
<testsuite hostname="Windows-PC" ignored="0" name="AddCustomer-Test" tests="5" failures="0" timestamp="29 Jan 2020 14:20:50 GMT" time="11.188" errors="0">
  <testcase name="addCustomer" time="3.515" classname="com.testcases.AddCustomerTest"/>
  <testcase name="addCustomer" time="2.394" classname="com.testcases.AddCustomerTest"/>
  <testcase name="addCustomer" time="2.451" classname="com.testcases.AddCustomerTest"/>
  <testcase name="addCustomer" time="2.395" classname="com.testcases.AddCustomerTest"/>
  <testcase name="addCustomer" time="0.001" classname="com.testcases.AddCustomerTest">
    <skipped/>
  </testcase> <!-- addCustomer -->
</testsuite> <!-- AddCustomer-Test -->
