<?xml version="1.0" encoding="UTF-8"?>
<testng-results skipped="1" failed="0" ignored="0" total="8" passed="7">
  <reporter-output>
    <line>
      <![CDATA[Bank Manager login successfully executed]]>
    </line>
    <line>
      <![CDATA[pass]]>
    </line>
    <line>
      <![CDATA[pass]]>
    </line>
    <line>
      <![CDATA[pass]]>
    </line>
    <line>
      <![CDATA[pass]]>
    </line>
    <line>
      <![CDATA[pass]]>
    </line>
    <line>
      <![CDATA[pass]]>
    </line>
    <line>
      <![CDATA[pass]]>
    </line>
  </reporter-output>
  <suite name="Data Driven Basics" duration-ms="18030" started-at="2020-01-29T14:20:35Z" finished-at="2020-01-29T14:20:53Z">
    <groups>
    </groups>
    <test name="Login-Test" duration-ms="4513" started-at="2020-01-29T14:20:35Z" finished-at="2020-01-29T14:20:39Z">
      <class name="com.testcases.BankManagerLoginTest">
        <test-method status="PASS" signature="loginAsBankManager()[pri:0, instance:com.testcases.BankManagerLoginTest@131276c2]" name="loginAsBankManager" duration-ms="4468" started-at="2020-01-29T14:20:35Z" finished-at="2020-01-29T14:20:39Z">
          <reporter-output>
            <line>
              <![CDATA[Bank Manager login successfully executed]]>
            </line>
            <line>
              <![CDATA[pass]]>
            </line>
          </reporter-output>
        </test-method> <!-- loginAsBankManager -->
        <test-method status="PASS" signature="testLogin()[pri:0, instance:com.testcases.BankManagerLoginTest@131276c2]" name="testLogin" duration-ms="1" started-at="2020-01-29T14:20:39Z" finished-at="2020-01-29T14:20:39Z">
          <reporter-output>
            <line>
              <![CDATA[pass]]>
            </line>
          </reporter-output>
        </test-method> <!-- testLogin -->
      </class> <!-- com.testcases.BankManagerLoginTest -->
    </test> <!-- Login-Test -->
    <test name="AddCustomer-Test" duration-ms="11188" started-at="2020-01-29T14:20:39Z" finished-at="2020-01-29T14:20:50Z">
      <class name="com.testcases.AddCustomerTest">
        <test-method status="PASS" signature="addCustomer(java.lang.String, java.lang.String, java.lang.String, java.lang.String, java.lang.String)[pri:0, instance:com.testcases.AddCustomerTest@2d8f65a4]" name="addCustomer" duration-ms="3515" started-at="2020-01-29T14:20:39Z" description="data.csv" data-provider="getData" finished-at="2020-01-29T14:20:43Z">
          <params>
            <param index="0">
              <value>
                <![CDATA[Ravi]]>
              </value>
            </param>
            <param index="1">
              <value>
                <![CDATA[Narayan]]>
              </value>
            </param>
            <param index="2">
              <value>
                <![CDATA[R2619]]>
              </value>
            </param>
            <param index="3">
              <value>
                <![CDATA[Customer added successfully]]>
              </value>
            </param>
            <param index="4">
              <value>
                <![CDATA[y]]>
              </value>
            </param>
          </params>
          <reporter-output>
            <line>
              <![CDATA[pass]]>
            </line>
          </reporter-output>
        </test-method> <!-- addCustomer -->
        <test-method status="PASS" signature="addCustomer(java.lang.String, java.lang.String, java.lang.String, java.lang.String, java.lang.String)[pri:0, instance:com.testcases.AddCustomerTest@2d8f65a4]" name="addCustomer" duration-ms="2394" started-at="2020-01-29T14:20:43Z" description="data.csv" data-provider="getData" finished-at="2020-01-29T14:20:45Z">
          <params>
            <param index="0">
              <value>
                <![CDATA[Swati]]>
              </value>
            </param>
            <param index="1">
              <value>
                <![CDATA[Verma]]>
              </value>
            </param>
            <param index="2">
              <value>
                <![CDATA[S2619]]>
              </value>
            </param>
            <param index="3">
              <value>
                <![CDATA[Customer added successfully]]>
              </value>
            </param>
            <param index="4">
              <value>
                <![CDATA[y]]>
              </value>
            </param>
          </params>
          <reporter-output>
            <line>
              <![CDATA[pass]]>
            </line>
          </reporter-output>
        </test-method> <!-- addCustomer -->
        <test-method status="PASS" signature="addCustomer(java.lang.String, java.lang.String, java.lang.String, java.lang.String, java.lang.String)[pri:0, instance:com.testcases.AddCustomerTest@2d8f65a4]" name="addCustomer" duration-ms="2451" started-at="2020-01-29T14:20:45Z" description="data.csv" data-provider="getData" finished-at="2020-01-29T14:20:48Z">
          <params>
            <param index="0">
              <value>
                <![CDATA[Rahul]]>
              </value>
            </param>
            <param index="1">
              <value>
                <![CDATA[Narayan]]>
              </value>
            </param>
            <param index="2">
              <value>
                <![CDATA[R2020]]>
              </value>
            </param>
            <param index="3">
              <value>
                <![CDATA[Customer added successfully]]>
              </value>
            </param>
            <param index="4">
              <value>
                <![CDATA[y]]>
              </value>
            </param>
          </params>
          <reporter-output>
            <line>
              <![CDATA[pass]]>
            </line>
          </reporter-output>
        </test-method> <!-- addCustomer -->
        <test-method status="PASS" signature="addCustomer(java.lang.String, java.lang.String, java.lang.String, java.lang.String, java.lang.String)[pri:0, instance:com.testcases.AddCustomerTest@2d8f65a4]" name="addCustomer" duration-ms="2395" started-at="2020-01-29T14:20:48Z" description="data.csv" data-provider="getData" finished-at="2020-01-29T14:20:50Z">
          <params>
            <param index="0">
              <value>
                <![CDATA[Anu]]>
              </value>
            </param>
            <param index="1">
              <value>
                <![CDATA[Mishra]]>
              </value>
            </param>
            <param index="2">
              <value>
                <![CDATA[A3456]]>
              </value>
            </param>
            <param index="3">
              <value>
                <![CDATA[Customer added successfully]]>
              </value>
            </param>
            <param index="4">
              <value>
                <![CDATA[y]]>
              </value>
            </param>
          </params>
          <reporter-output>
            <line>
              <![CDATA[pass]]>
            </line>
          </reporter-output>
        </test-method> <!-- addCustomer -->
        <test-method status="SKIP" signature="addCustomer(java.lang.String, java.lang.String, java.lang.String, java.lang.String, java.lang.String)[pri:0, instance:com.testcases.AddCustomerTest@2d8f65a4]" name="addCustomer" duration-ms="1" started-at="2020-01-29T14:20:50Z" description="data.csv" data-provider="getData" finished-at="2020-01-29T14:20:50Z">
          <params>
            <param index="0">
              <value>
                <![CDATA[Tanvi]]>
              </value>
            </param>
            <param index="1">
              <value>
                <![CDATA[Kesri]]>
              </value>
            </param>
            <param index="2">
              <value>
                <![CDATA[T1234]]>
              </value>
            </param>
            <param index="3">
              <value>
                <![CDATA[Customer added successfully]]>
              </value>
            </param>
            <param index="4">
              <value>
                <![CDATA[n]]>
              </value>
            </param>
          </params>
          <exception class="org.testng.SkipException">
            <message>
              <![CDATA[skipping the test case as run mode]]>
            </message>
            <full-stacktrace>
              <![CDATA[org.testng.SkipException: skipping the test case as run mode
at com.testcases.AddCustomerTest.addCustomer(AddCustomerTest.java:19)
at sun.reflect.NativeMethodAccessorImpl.invoke0(Native Method)
at sun.reflect.NativeMethodAccessorImpl.invoke(NativeMethodAccessorImpl.java:62)
at sun.reflect.DelegatingMethodAccessorImpl.invoke(DelegatingMethodAccessorImpl.java:43)
at java.lang.reflect.Method.invoke(Method.java:498)
at org.testng.internal.MethodInvocationHelper.invokeMethod(MethodInvocationHelper.java:124)
at org.testng.internal.Invoker.invokeMethod(Invoker.java:583)
at org.testng.internal.Invoker.invokeTestMethod(Invoker.java:719)
at org.testng.internal.Invoker.invokeTestMethods(Invoker.java:989)
at org.testng.internal.TestMethodWorker.invokeTestMethods(TestMethodWorker.java:125)
at org.testng.internal.TestMethodWorker.run(TestMethodWorker.java:109)
at java.util.concurrent.ThreadPoolExecutor.runWorker(ThreadPoolExecutor.java:1149)
at java.util.concurrent.ThreadPoolExecutor$Worker.run(ThreadPoolExecutor.java:624)
at java.lang.Thread.run(Thread.java:748)
]]>
            </full-stacktrace>
          </exception> <!-- org.testng.SkipException -->
          <reporter-output>
          </reporter-output>
        </test-method> <!-- addCustomer -->
      </class> <!-- com.testcases.AddCustomerTest -->
    </test> <!-- AddCustomer-Test -->
    <test name="OpenAcc-Test" duration-ms="2156" started-at="2020-01-29T14:20:50Z" finished-at="2020-01-29T14:20:53Z">
      <class name="com.testcases.OpenCustomerAccTest">
        <test-method status="PASS" signature="setUp()[pri:0, instance:com.testcases.OpenCustomerAccTest@76f2b07d]" name="setUp" is-config="true" duration-ms="44996" started-at="2020-01-29T14:19:50Z" finished-at="2020-01-29T14:20:35Z">
          <reporter-output>
          </reporter-output>
        </test-method> <!-- setUp -->
        <test-method status="PASS" signature="openCustomer(java.lang.String, java.lang.String)[pri:0, instance:com.testcases.OpenCustomerAccTest@76f2b07d]" name="openCustomer" duration-ms="2151" started-at="2020-01-29T14:20:50Z" description="openAcc.csv" data-provider="getData" finished-at="2020-01-29T14:20:53Z">
          <params>
            <param index="0">
              <value>
                <![CDATA[Ravi]]>
              </value>
            </param>
            <param index="1">
              <value>
                <![CDATA[Ruppee]]>
              </value>
            </param>
          </params>
          <reporter-output>
            <line>
              <![CDATA[pass]]>
            </line>
          </reporter-output>
        </test-method> <!-- openCustomer -->
        <test-method status="PASS" signature="tearDown()[pri:0, instance:com.testcases.OpenCustomerAccTest@76f2b07d]" name="tearDown" is-config="true" duration-ms="735" started-at="2020-01-29T14:20:53Z" finished-at="2020-01-29T14:20:53Z">
          <reporter-output>
          </reporter-output>
        </test-method> <!-- tearDown -->
      </class> <!-- com.testcases.OpenCustomerAccTest -->
    </test> <!-- OpenAcc-Test -->
  </suite> <!-- Data Driven Basics -->
</testng-results>
