<?xml version="1.0" encoding="UTF-8"?>
<testsuite name="AddCustomer-Test"
           tests="5"
           failures="0"
           errors="0"
           skipped="1"
           time="10.756">
  <properties />
  
            <testcase name="addCustomer" time="0.0" classname="com.testcases.AddCustomerTest">
          <skipped />
    </testcase>
  
            <testcase name="addCustomer" time="2.395" classname="com.testcases.AddCustomerTest" />
                <testcase name="addCustomer" time="2.451" classname="com.testcases.AddCustomerTest" />
                <testcase name="addCustomer" time="3.515" classname="com.testcases.AddCustomerTest" />
                <testcase name="addCustomer" time="2.394" classname="com.testcases.AddCustomerTest" />
      
</testsuite>
